<?xml version="1.0" encoding="UTF-8"?>
<!-- Generated by org.testng.reporters.JUnitReportReporter -->
<testsuite hostname="PHI-2B2DGL3" failures="0" tests="2" name="suite1.OpenCartTests" time="0.004" errors="2" timestamp="7 Feb 2023 03:45:41 GMT">
  <testcase classname="suite1.OpenCartTests" name="launchSite" time="0.002">
    <error message="session not created: This version of ChromeDriver only supports Chrome version 103
Current browser version is 109.0.5414.120 with binary path C:\Program Files\Google\Chrome\Application\chrome.exe
Build info: version: &#039;3.14.0&#039;, revision: &#039;aacccce0&#039;, time: &#039;2018-08-02T20:19:58.91Z&#039;
System info: host: &#039;PHI-2B2DGL3&#039;, ip: &#039;192.168.137.1&#039;, os.name: &#039;Windows 11&#039;, os.arch: &#039;amd64&#039;, os.version: &#039;10.0&#039;, java.version: &#039;18.0.1.1&#039;
Driver info: driver.version: ChromeDriver
remote stacktrace: Backtrace:
	Ordinal0 [0x00C15FD3+2187219]
	Ordinal0 [0x00BAE6D1+1763025]
	Ordinal0 [0x00AC3E78+802424]
	Ordinal0 [0x00AE51F9+938489]
	Ordinal0 [0x00AE0DDC+921052]
	Ordinal0 [0x00ADE691+910993]
	Ordinal0 [0x00B117F0+1120240]
	Ordinal0 [0x00B1144A+1119306]
	Ordinal0 [0x00B0C9A6+1100198]
	Ordinal0 [0x00AE6F80+946048]
	Ordinal0 [0x00AE7E76+949878]
	GetHandleVerifier [0x00EB90C2+2721218]
	GetHandleVerifier [0x00EAAAF0+2662384]
	GetHandleVerifier [0x00CA137A+526458]
	GetHandleVerifier [0x00CA0416+522518]
	Ordinal0 [0x00BB4EAB+1789611]
	Ordinal0 [0x00BB97A8+1808296]
	Ordinal0 [0x00BB9895+1808533]
	Ordinal0 [0x00BC26C1+1844929]
	BaseThreadInitThunk [0x758C6BD9+25]
	RtlGetFullPathName_UEx [0x77198FD2+1218]
	RtlGetFullPathName_UEx [0x77198F9D+1165]
" type="org.openqa.selenium.SessionNotCreatedException">
      <![CDATA[org.openqa.selenium.SessionNotCreatedException: session not created: This version of ChromeDriver only supports Chrome version 103
Current browser version is 109.0.5414.120 with binary path C:\Program Files\Google\Chrome\Application\chrome.exe
Build info: version: '3.14.0', revision: 'aacccce0', time: '2018-08-02T20:19:58.91Z'
System info: host: 'PHI-2B2DGL3', ip: '192.168.137.1', os.name: 'Windows 11', os.arch: 'amd64', os.version: '10.0', java.version: '18.0.1.1'
Driver info: driver.version: ChromeDriver
remote stacktrace: Backtrace:
	Ordinal0 [0x00C15FD3+2187219]
	Ordinal0 [0x00BAE6D1+1763025]
	Ordinal0 [0x00AC3E78+802424]
	Ordinal0 [0x00AE51F9+938489]
	Ordinal0 [0x00AE0DDC+921052]
	Ordinal0 [0x00ADE691+910993]
	Ordinal0 [0x00B117F0+1120240]
	Ordinal0 [0x00B1144A+1119306]
	Ordinal0 [0x00B0C9A6+1100198]
	Ordinal0 [0x00AE6F80+946048]
	Ordinal0 [0x00AE7E76+949878]
	GetHandleVerifier [0x00EB90C2+2721218]
	GetHandleVerifier [0x00EAAAF0+2662384]
	GetHandleVerifier [0x00CA137A+526458]
	GetHandleVerifier [0x00CA0416+522518]
	Ordinal0 [0x00BB4EAB+1789611]
	Ordinal0 [0x00BB97A8+1808296]
	Ordinal0 [0x00BB9895+1808533]
	Ordinal0 [0x00BC26C1+1844929]
	BaseThreadInitThunk [0x758C6BD9+25]
	RtlGetFullPathName_UEx [0x77198FD2+1218]
	RtlGetFullPathName_UEx [0x77198F9D+1165]

	at java.base/jdk.internal.reflect.DirectConstructorHandleAccessor.newInstance(DirectConstructorHandleAccessor.java:67)
	at java.base/java.lang.reflect.Constructor.newInstanceWithCaller(Constructor.java:499)
	at java.base/java.lang.reflect.Constructor.newInstance(Constructor.java:483)
	at org.openqa.selenium.remote.W3CHandshakeResponse.lambda$new$0(W3CHandshakeResponse.java:57)
	at org.openqa.selenium.remote.W3CHandshakeResponse.lambda$getResponseFunction$2(W3CHandshakeResponse.java:104)
	at org.openqa.selenium.remote.ProtocolHandshake.lambda$createSession$0(ProtocolHandshake.java:122)
	at java.base/java.util.stream.ReferencePipeline$3$1.accept(ReferencePipeline.java:197)
	at java.base/java.util.Spliterators$ArraySpliterator.tryAdvance(Spliterators.java:1002)
	at java.base/java.util.stream.ReferencePipeline.forEachWithCancel(ReferencePipeline.java:129)
	at java.base/java.util.stream.AbstractPipeline.copyIntoWithCancel(AbstractPipeline.java:527)
	at java.base/java.util.stream.AbstractPipeline.copyInto(AbstractPipeline.java:513)
	at java.base/java.util.stream.AbstractPipeline.wrapAndCopyInto(AbstractPipeline.java:499)
	at java.base/java.util.stream.FindOps$FindOp.evaluateSequential(FindOps.java:150)
	at java.base/java.util.stream.AbstractPipeline.evaluate(AbstractPipeline.java:234)
	at java.base/java.util.stream.ReferencePipeline.findFirst(ReferencePipeline.java:647)
	at org.openqa.selenium.remote.ProtocolHandshake.createSession(ProtocolHandshake.java:125)
	at org.openqa.selenium.remote.ProtocolHandshake.createSession(ProtocolHandshake.java:73)
	at org.openqa.selenium.remote.HttpCommandExecutor.execute(HttpCommandExecutor.java:136)
	at org.openqa.selenium.remote.service.DriverCommandExecutor.execute(DriverCommandExecutor.java:83)
	at org.openqa.selenium.remote.RemoteWebDriver.execute(RemoteWebDriver.java:548)
	at org.openqa.selenium.remote.RemoteWebDriver.startSession(RemoteWebDriver.java:212)
	at org.openqa.selenium.remote.RemoteWebDriver.<init>(RemoteWebDriver.java:130)
	at org.openqa.selenium.chrome.ChromeDriver.<init>(ChromeDriver.java:181)
	at org.openqa.selenium.chrome.ChromeDriver.<init>(ChromeDriver.java:168)
	at org.openqa.selenium.chrome.ChromeDriver.<init>(ChromeDriver.java:123)
	at suite1.OpenCartTests.beforeTest(OpenCartTests.java:85)
	at java.base/jdk.internal.reflect.DirectMethodHandleAccessor.invoke(DirectMethodHandleAccessor.java:104)
	at java.base/java.lang.reflect.Method.invoke(Method.java:577)
	at org.testng.internal.MethodInvocationHelper.invokeMethod(MethodInvocationHelper.java:86)
	at org.testng.internal.Invoker.invokeConfigurationMethod(Invoker.java:514)
	at org.testng.internal.Invoker.invokeConfigurations(Invoker.java:215)
	at org.testng.internal.Invoker.invokeConfigurations(Invoker.java:142)
	at org.testng.TestRunner.beforeRun(TestRunner.java:656)
	at org.testng.TestRunner.run(TestRunner.java:624)
	at org.testng.SuiteRunner.runTest(SuiteRunner.java:366)
	at org.testng.SuiteRunner.access$000(SuiteRunner.java:39)
	at org.testng.SuiteRunner$SuiteWorker.run(SuiteRunner.java:400)
	at org.testng.internal.thread.ThreadUtil$2.call(ThreadUtil.java:64)
	at java.base/java.util.concurrent.FutureTask.run(FutureTask.java:264)
	at java.base/java.util.concurrent.ThreadPoolExecutor.runWorker(ThreadPoolExecutor.java:1136)
	at java.base/java.util.concurrent.ThreadPoolExecutor$Worker.run(ThreadPoolExecutor.java:635)
	at java.base/java.lang.Thread.run(Thread.java:833)
]]>
    </error>
  </testcase> <!-- launchSite -->
  <testcase classname="suite1.OpenCartTests" name="searchForProduct" time="0.002">
    <error message="session not created: This version of ChromeDriver only supports Chrome version 103
Current browser version is 109.0.5414.120 with binary path C:\Program Files\Google\Chrome\Application\chrome.exe
Build info: version: &#039;3.14.0&#039;, revision: &#039;aacccce0&#039;, time: &#039;2018-08-02T20:19:58.91Z&#039;
System info: host: &#039;PHI-2B2DGL3&#039;, ip: &#039;192.168.137.1&#039;, os.name: &#039;Windows 11&#039;, os.arch: &#039;amd64&#039;, os.version: &#039;10.0&#039;, java.version: &#039;18.0.1.1&#039;
Driver info: driver.version: ChromeDriver
remote stacktrace: Backtrace:
	Ordinal0 [0x00C15FD3+2187219]
	Ordinal0 [0x00BAE6D1+1763025]
	Ordinal0 [0x00AC3E78+802424]
	Ordinal0 [0x00AE51F9+938489]
	Ordinal0 [0x00AE0DDC+921052]
	Ordinal0 [0x00ADE691+910993]
	Ordinal0 [0x00B117F0+1120240]
	Ordinal0 [0x00B1144A+1119306]
	Ordinal0 [0x00B0C9A6+1100198]
	Ordinal0 [0x00AE6F80+946048]
	Ordinal0 [0x00AE7E76+949878]
	GetHandleVerifier [0x00EB90C2+2721218]
	GetHandleVerifier [0x00EAAAF0+2662384]
	GetHandleVerifier [0x00CA137A+526458]
	GetHandleVerifier [0x00CA0416+522518]
	Ordinal0 [0x00BB4EAB+1789611]
	Ordinal0 [0x00BB97A8+1808296]
	Ordinal0 [0x00BB9895+1808533]
	Ordinal0 [0x00BC26C1+1844929]
	BaseThreadInitThunk [0x758C6BD9+25]
	RtlGetFullPathName_UEx [0x77198FD2+1218]
	RtlGetFullPathName_UEx [0x77198F9D+1165]
" type="org.openqa.selenium.SessionNotCreatedException">
      <![CDATA[org.openqa.selenium.SessionNotCreatedException: session not created: This version of ChromeDriver only supports Chrome version 103
Current browser version is 109.0.5414.120 with binary path C:\Program Files\Google\Chrome\Application\chrome.exe
Build info: version: '3.14.0', revision: 'aacccce0', time: '2018-08-02T20:19:58.91Z'
System info: host: 'PHI-2B2DGL3', ip: '192.168.137.1', os.name: 'Windows 11', os.arch: 'amd64', os.version: '10.0', java.version: '18.0.1.1'
Driver info: driver.version: ChromeDriver
remote stacktrace: Backtrace:
	Ordinal0 [0x00C15FD3+2187219]
	Ordinal0 [0x00BAE6D1+1763025]
	Ordinal0 [0x00AC3E78+802424]
	Ordinal0 [0x00AE51F9+938489]
	Ordinal0 [0x00AE0DDC+921052]
	Ordinal0 [0x00ADE691+910993]
	Ordinal0 [0x00B117F0+1120240]
	Ordinal0 [0x00B1144A+1119306]
	Ordinal0 [0x00B0C9A6+1100198]
	Ordinal0 [0x00AE6F80+946048]
	Ordinal0 [0x00AE7E76+949878]
	GetHandleVerifier [0x00EB90C2+2721218]
	GetHandleVerifier [0x00EAAAF0+2662384]
	GetHandleVerifier [0x00CA137A+526458]
	GetHandleVerifier [0x00CA0416+522518]
	Ordinal0 [0x00BB4EAB+1789611]
	Ordinal0 [0x00BB97A8+1808296]
	Ordinal0 [0x00BB9895+1808533]
	Ordinal0 [0x00BC26C1+1844929]
	BaseThreadInitThunk [0x758C6BD9+25]
	RtlGetFullPathName_UEx [0x77198FD2+1218]
	RtlGetFullPathName_UEx [0x77198F9D+1165]

	at java.base/jdk.internal.reflect.DirectConstructorHandleAccessor.newInstance(DirectConstructorHandleAccessor.java:67)
	at java.base/java.lang.reflect.Constructor.newInstanceWithCaller(Constructor.java:499)
	at java.base/java.lang.reflect.Constructor.newInstance(Constructor.java:483)
	at org.openqa.selenium.remote.W3CHandshakeResponse.lambda$new$0(W3CHandshakeResponse.java:57)
	at org.openqa.selenium.remote.W3CHandshakeResponse.lambda$getResponseFunction$2(W3CHandshakeResponse.java:104)
	at org.openqa.selenium.remote.ProtocolHandshake.lambda$createSession$0(ProtocolHandshake.java:122)
	at java.base/java.util.stream.ReferencePipeline$3$1.accept(ReferencePipeline.java:197)
	at java.base/java.util.Spliterators$ArraySpliterator.tryAdvance(Spliterators.java:1002)
	at java.base/java.util.stream.ReferencePipeline.forEachWithCancel(ReferencePipeline.java:129)
	at java.base/java.util.stream.AbstractPipeline.copyIntoWithCancel(AbstractPipeline.java:527)
	at java.base/java.util.stream.AbstractPipeline.copyInto(AbstractPipeline.java:513)
	at java.base/java.util.stream.AbstractPipeline.wrapAndCopyInto(AbstractPipeline.java:499)
	at java.base/java.util.stream.FindOps$FindOp.evaluateSequential(FindOps.java:150)
	at java.base/java.util.stream.AbstractPipeline.evaluate(AbstractPipeline.java:234)
	at java.base/java.util.stream.ReferencePipeline.findFirst(ReferencePipeline.java:647)
	at org.openqa.selenium.remote.ProtocolHandshake.createSession(ProtocolHandshake.java:125)
	at org.openqa.selenium.remote.ProtocolHandshake.createSession(ProtocolHandshake.java:73)
	at org.openqa.selenium.remote.HttpCommandExecutor.execute(HttpCommandExecutor.java:136)
	at org.openqa.selenium.remote.service.DriverCommandExecutor.execute(DriverCommandExecutor.java:83)
	at org.openqa.selenium.remote.RemoteWebDriver.execute(RemoteWebDriver.java:548)
	at org.openqa.selenium.remote.RemoteWebDriver.startSession(RemoteWebDriver.java:212)
	at org.openqa.selenium.remote.RemoteWebDriver.<init>(RemoteWebDriver.java:130)
	at org.openqa.selenium.chrome.ChromeDriver.<init>(ChromeDriver.java:181)
	at org.openqa.selenium.chrome.ChromeDriver.<init>(ChromeDriver.java:168)
	at org.openqa.selenium.chrome.ChromeDriver.<init>(ChromeDriver.java:123)
	at suite1.OpenCartTests.beforeTest(OpenCartTests.java:85)
	at java.base/jdk.internal.reflect.DirectMethodHandleAccessor.invoke(DirectMethodHandleAccessor.java:104)
	at java.base/java.lang.reflect.Method.invoke(Method.java:577)
	at org.testng.internal.MethodInvocationHelper.invokeMethod(MethodInvocationHelper.java:86)
	at org.testng.internal.Invoker.invokeConfigurationMethod(Invoker.java:514)
	at org.testng.internal.Invoker.invokeConfigurations(Invoker.java:215)
	at org.testng.internal.Invoker.invokeConfigurations(Invoker.java:142)
	at org.testng.TestRunner.beforeRun(TestRunner.java:656)
	at org.testng.TestRunner.run(TestRunner.java:624)
	at org.testng.SuiteRunner.runTest(SuiteRunner.java:366)
	at org.testng.SuiteRunner.access$000(SuiteRunner.java:39)
	at org.testng.SuiteRunner$SuiteWorker.run(SuiteRunner.java:400)
	at org.testng.internal.thread.ThreadUtil$2.call(ThreadUtil.java:64)
	at java.base/java.util.concurrent.FutureTask.run(FutureTask.java:264)
	at java.base/java.util.concurrent.ThreadPoolExecutor.runWorker(ThreadPoolExecutor.java:1136)
	at java.base/java.util.concurrent.ThreadPoolExecutor$Worker.run(ThreadPoolExecutor.java:635)
	at java.base/java.lang.Thread.run(Thread.java:833)
]]>
    </error>
  </testcase> <!-- searchForProduct -->
</testsuite> <!-- suite1.OpenCartTests -->
